#
# There is insufficient memory for the Java Runtime Environment to continue.
# Native memory allocation (malloc) failed to allocate 32744 bytes for ChunkPool::allocate
# Possible reasons:
#   The system is out of physical RAM or swap space
#   The process is running with CompressedOops enabled, and the Java Heap may be blocking the growth of the native heap
# Possible solutions:
#   Reduce memory load on the system
#   Increase physical memory or swap space
#   Check if swap backing store is full
#   Decrease Java heap size (-Xmx/-Xms)
#   Decrease number of Java threads
#   Decrease Java thread stack sizes (-Xss)
#   Set larger code cache with -XX:ReservedCodeCacheSize=
#   JVM is running with Unscaled Compressed Oops mode in which the Java heap is
#     placed in the first 4GB address space. The Java Heap base address is the
#     maximum limit for the native heap growth. Please use -XX:HeapBaseMinAddress
#     to set the Java Heap base and to place the Java Heap above 4GB virtual address.
# This output file may be truncated or incomplete.
#
#  Out of Memory Error (allocation.cpp:272), pid=12784, tid=0x00000000000016d4
#
# JRE version: Java(TM) SE Runtime Environment (8.0_251-b08) (build 1.8.0_251-b08)
# Java VM: Java HotSpot(TM) 64-Bit Server VM (25.251-b08 mixed mode windows-amd64 compressed oops)
# Failed to write core dump. Minidumps are not enabled by default on client versions of Windows
#

---------------  T H R E A D  ---------------

Current thread (0x00000000150c0000):  JavaThread "C2 CompilerThread0" daemon [_thread_in_native, id=5844, stack(0x0000000016710000,0x0000000016810000)]

Stack: [0x0000000016710000,0x0000000016810000]
[error occurred during error reporting (printing stack bounds), id 0xc0000005]

Native frames: (J=compiled Java code, j=interpreted, Vv=VM code, C=native code)


Current CompileTask:
C2:   8539 5266       4       org.objectweb.asm.ClassReader::accept (1253 bytes)


---------------  P R O C E S S  ---------------

Java Threads: ( => current thread )
  0x0000000019978800 JavaThread "Cache worker for Java compile cache (C:\Users\Piuta\Documents\Codegym\GitProject\Module4\spring-security-mysql-demo\.gradle\4.10.3\javaCompile)" [_thread_in_native, id=6552, stack(0x00000000210e0000,0x00000000211e0000)]
  0x0000000019978000 JavaThread "Cache worker for Java compile cache (C:\Users\Piuta\.gradle\caches\4.10.3\javaCompile)" [_thread_blocked, id=1212, stack(0x0000000020fe0000,0x00000000210e0000)]
  0x0000000019970800 JavaThread "Build operations Thread 4" [_thread_blocked, id=6372, stack(0x0000000020ee0000,0x0000000020fe0000)]
  0x0000000019971000 JavaThread "Build operations Thread 3" [_thread_blocked, id=13032, stack(0x0000000020de0000,0x0000000020ee0000)]
  0x0000000019976800 JavaThread "Build operations Thread 2" [_thread_blocked, id=12644, stack(0x0000000020ce0000,0x0000000020de0000)]
  0x0000000019975800 JavaThread "Build operations" [_thread_blocked, id=12964, stack(0x0000000020be0000,0x0000000020ce0000)]
  0x0000000019975000 JavaThread "Cache worker for Build Output Cleanup Cache (C:\Users\Piuta\Documents\Codegym\GitProject\Module4\spring-security-mysql-demo\.gradle\buildOutputCleanup)" [_thread_blocked, id=7692, stack(0x00000000208e0000,0x00000000209e0000)]
  0x0000000019974000 JavaThread "Cache worker for task history cache (C:\Users\Piuta\Documents\Codegym\GitProject\Module4\spring-security-mysql-demo\.gradle\4.10.3\taskHistory)" [_thread_blocked, id=6172, stack(0x00000000207e0000,0x00000000208e0000)]
  0x0000000019977000 JavaThread "Task worker for ':' Thread 3" [_thread_blocked, id=6268, stack(0x00000000206e0000,0x00000000207e0000)]
  0x0000000019973800 JavaThread "Task worker for ':' Thread 2" [_thread_blocked, id=8584, stack(0x00000000205e0000,0x00000000206e0000)]
  0x0000000019972000 JavaThread "Task worker for ':'" [_thread_blocked, id=6568, stack(0x000000001f420000,0x000000001f520000)]
  0x00000000184de000 JavaThread "Cache worker for file content cache (C:\Users\Piuta\Documents\Codegym\GitProject\Module4\spring-security-mysql-demo\.gradle\4.10.3\fileContent)" [_thread_blocked, id=12224, stack(0x000000001f070000,0x000000001f170000)]
  0x00000000184e4000 JavaThread "Cache worker for file content cache (C:\Users\Piuta\.gradle\caches\4.10.3\fileContent)" [_thread_blocked, id=1068, stack(0x000000001ef70000,0x000000001f070000)]
  0x00000000184e3800 JavaThread "Memory manager" [_thread_blocked, id=8712, stack(0x000000001da70000,0x000000001db70000)]
  0x00000000184e1000 JavaThread "Cache worker for Artifact transforms cache (C:\Users\Piuta\.gradle\caches\transforms-1)" [_thread_blocked, id=4836, stack(0x000000001d970000,0x000000001da70000)]
  0x00000000184e0800 JavaThread "Cache worker for cache directory md-rule (C:\Users\Piuta\.gradle\caches\4.10.3\md-rule)" [_thread_blocked, id=12532, stack(0x000000001d870000,0x000000001d970000)]
  0x00000000184df000 JavaThread "Cache worker for cache directory md-supplier (C:\Users\Piuta\.gradle\caches\4.10.3\md-supplier)" [_thread_blocked, id=10844, stack(0x000000001c100000,0x000000001c200000)]
  0x00000000184e2800 JavaThread "Cache worker for journal cache (C:\Users\Piuta\.gradle\caches\journal-1)" [_thread_blocked, id=10776, stack(0x000000001be00000,0x000000001bf00000)]
  0x00000000184e5000 JavaThread "Cache worker for file hash cache (C:\Users\Piuta\Documents\Codegym\GitProject\Module4\spring-security-mysql-demo\.gradle\4.10.3\fileHashes)" [_thread_blocked, id=12272, stack(0x000000001ad30000,0x000000001ae30000)]
  0x00000000184e2000 JavaThread "File lock request listener" [_thread_in_native, id=10492, stack(0x000000001ac30000,0x000000001ad30000)]
  0x00000000184df800 JavaThread "Cache worker for file hash cache (C:\Users\Piuta\.gradle\caches\4.10.3\fileHashes)" [_thread_blocked, id=5000, stack(0x000000001ab30000,0x000000001ac30000)]
  0x000000001717d000 JavaThread "Stdin handler" [_thread_blocked, id=80, stack(0x0000000019860000,0x0000000019960000)]
  0x000000001717b800 JavaThread "Asynchronous log dispatcher for DefaultDaemonConnection: socket connection from /127.0.0.1:65116 to /127.0.0.1:65117" [_thread_blocked, id=13276, stack(0x0000000019760000,0x0000000019860000)]
  0x000000001717a000 JavaThread "Daemon worker" [_thread_blocked, id=580, stack(0x0000000019460000,0x0000000019560000)]
  0x0000000017179800 JavaThread "Cancel handler" [_thread_blocked, id=6656, stack(0x0000000019360000,0x0000000019460000)]
  0x0000000016dd9800 JavaThread "Handler for socket connection from /127.0.0.1:65116 to /127.0.0.1:65117" [_thread_in_native, id=11220, stack(0x0000000019260000,0x0000000019360000)]
  0x0000000016dd8800 JavaThread "Daemon" [_thread_blocked, id=4492, stack(0x0000000019160000,0x0000000019260000)]
  0x0000000016c7b800 JavaThread "Daemon periodic checks" [_thread_blocked, id=12088, stack(0x0000000019060000,0x0000000019160000)]
  0x0000000016d47800 JavaThread "Incoming local TCP Connector on port 65116" [_thread_in_native, id=13076, stack(0x0000000018e20000,0x0000000018f20000)]
  0x00000000184a1000 JavaThread "Daemon health stats" [_thread_blocked, id=2012, stack(0x00000000187e0000,0x00000000188e0000)]
  0x0000000016a48800 JavaThread "Service Thread" daemon [_thread_blocked, id=9348, stack(0x0000000016e10000,0x0000000016f10000)]
  0x00000000150ca800 JavaThread "C1 CompilerThread2" daemon [_thread_blocked, id=8176, stack(0x0000000016910000,0x0000000016a10000)]
  0x00000000150c4000 JavaThread "C2 CompilerThread1" daemon [_thread_in_native, id=9196, stack(0x0000000016810000,0x0000000016910000)]
=>0x00000000150c0000 JavaThread "C2 CompilerThread0" daemon [_thread_in_native, id=5844, stack(0x0000000016710000,0x0000000016810000)]
  0x00000000150bc000 JavaThread "Attach Listener" daemon [_thread_blocked, id=5908, stack(0x0000000016610000,0x0000000016710000)]
  0x00000000150ba800 JavaThread "Signal Dispatcher" daemon [_thread_blocked, id=5768, stack(0x0000000016510000,0x0000000016610000)]
  0x000000000297a800 JavaThread "Finalizer" daemon [_thread_blocked, id=6332, stack(0x0000000016310000,0x0000000016410000)]
  0x0000000002972000 JavaThread "Reference Handler" daemon [_thread_blocked, id=424, stack(0x0000000016210000,0x0000000016310000)]
  0x00000000029ee000 JavaThread "main" [_thread_blocked, id=12020, stack(0x0000000000fc0000,0x00000000010c0000)]

Other Threads:
  0x0000000015087000 VMThread [stack: 0x0000000016110000,0x0000000016210000] [id=12000]
  0x000000001511a000 WatcherThread [stack: 0x0000000016f10000,0x0000000017010000] [id=9460]

VM state:not at safepoint (normal execution)

VM Mutex/Monitor currently owned by a thread: None

heap address: 0x00000000c0000000, size: 1024 MB, Compressed Oops mode: 32-bit
Narrow klass base: 0x0000000000000000, Narrow klass shift: 3
Compressed class space size: 1073741824 Address: 0x0000000100000000

Heap:
 PSYoungGen      total 145408K, used 124691K [0x00000000eab00000, 0x00000000f4600000, 0x0000000100000000)
  eden space 133120K, 84% used [0x00000000eab00000,0x00000000f18c6f58,0x00000000f2d00000)
  from space 12288K, 99% used [0x00000000f3a00000,0x00000000f45fdf18,0x00000000f4600000)
  to   space 12800K, 0% used [0x00000000f2d00000,0x00000000f2d00000,0x00000000f3980000)
 ParOldGen       total 63488K, used 17476K [0x00000000c0000000, 0x00000000c3e00000, 0x00000000eab00000)
  object space 63488K, 27% used [0x00000000c0000000,0x00000000c1111388,0x00000000c3e00000)
 Metaspace       used 41974K, capacity 42526K, committed 42752K, reserved 1085440K
  class space    used 5905K, capacity 6087K, committed 6144K, reserved 1048576K

Card table byte_map: [0x0000000011db0000,0x0000000011fc0000] byte_map_base: 0x00000000117b0000

Marking Bits: (ParMarkBitMap*) 0x00000000631baf90
 Begin Bits: [0x0000000012520000, 0x0000000013520000)
 End Bits:   [0x0000000013520000, 0x0000000014520000)

Polling page: 0x0000000000b90000

CodeCache: size=245760Kb used=16350Kb max_used=17775Kb free=229410Kb
 bounds [0x00000000029f0000, 0x0000000003b60000, 0x00000000119f0000]
 total_blobs=5336 nmethods=4588 adapters=659
 compilation: enabled

Compilation events (10 events):
Event: 8.513 Thread 0x00000000150ca800 5338       3       java.util.regex.Pattern$BnM::optimize (179 bytes)
Event: 8.514 Thread 0x00000000150ca800 nmethod 5338 0x0000000002f4f0d0 code [0x0000000002f4f2e0, 0x0000000002f4fee8]
Event: 8.530 Thread 0x00000000150ca800 5339       1       org.gradle.api.internal.tasks.compile.incremental.deps.ClassAnalysis::isDependencyToAll (5 bytes)
Event: 8.530 Thread 0x00000000150ca800 nmethod 5339 0x0000000003384c10 code [0x0000000003384d60, 0x0000000003384e70]
Event: 8.530 Thread 0x00000000150ca800 5340       1       org.gradle.api.internal.tasks.compile.incremental.deps.ClassAnalysis::getClassDependencies (5 bytes)
Event: 8.530 Thread 0x00000000150ca800 nmethod 5340 0x000000000352b2d0 code [0x000000000352b420, 0x000000000352b530]
Event: 8.530 Thread 0x00000000150ca800 5341       1       org.gradle.api.internal.tasks.compile.incremental.deps.ClassAnalysis::getConstants (5 bytes)
Event: 8.530 Thread 0x00000000150ca800 nmethod 5341 0x0000000002ec3310 code [0x0000000002ec3460, 0x0000000002ec3570]
Event: 8.530 Thread 0x00000000150ca800 5342       1       org.gradle.api.internal.tasks.compile.incremental.deps.ClassAnalysis::getSuperTypes (5 bytes)
Event: 8.531 Thread 0x00000000150ca800 nmethod 5342 0x0000000002f27250 code [0x0000000002f273a0, 0x0000000002f274b0]

GC Heap History (10 events):
Event: 5.023 GC heap before
{Heap before GC invocations=14 (full 2):
 PSYoungGen      total 107008K, used 95136K [0x00000000eab00000, 0x00000000f3300000, 0x0000000100000000)
  eden space 94720K, 100% used [0x00000000eab00000,0x00000000f0780000,0x00000000f0780000)
  from space 12288K, 3% used [0x00000000f0780000,0x00000000f07e8020,0x00000000f1380000)
  to   space 12800K, 0% used [0x00000000f2680000,0x00000000f2680000,0x00000000f3300000)
 ParOldGen       total 63488K, used 17380K [0x00000000c0000000, 0x00000000c3e00000, 0x00000000eab00000)
  object space 63488K, 27% used [0x00000000c0000000,0x00000000c10f9388,0x00000000c3e00000)
 Metaspace       used 35275K, capacity 35678K, committed 36096K, reserved 1079296K
  class space    used 5130K, capacity 5277K, committed 5376K, reserved 1048576K
Event: 5.025 GC heap after
Heap after GC invocations=14 (full 2):
 PSYoungGen      total 125440K, used 640K [0x00000000eab00000, 0x00000000f3280000, 0x0000000100000000)
  eden space 113152K, 0% used [0x00000000eab00000,0x00000000eab00000,0x00000000f1980000)
  from space 12288K, 5% used [0x00000000f2680000,0x00000000f2720020,0x00000000f3280000)
  to   space 12800K, 0% used [0x00000000f1980000,0x00000000f1980000,0x00000000f2600000)
 ParOldGen       total 63488K, used 17380K [0x00000000c0000000, 0x00000000c3e00000, 0x00000000eab00000)
  object space 63488K, 27% used [0x00000000c0000000,0x00000000c10f9388,0x00000000c3e00000)
 Metaspace       used 35275K, capacity 35678K, committed 36096K, reserved 1079296K
  class space    used 5130K, capacity 5277K, committed 5376K, reserved 1048576K
}
Event: 5.347 GC heap before
{Heap before GC invocations=15 (full 2):
 PSYoungGen      total 125440K, used 113792K [0x00000000eab00000, 0x00000000f3280000, 0x0000000100000000)
  eden space 113152K, 100% used [0x00000000eab00000,0x00000000f1980000,0x00000000f1980000)
  from space 12288K, 5% used [0x00000000f2680000,0x00000000f2720020,0x00000000f3280000)
  to   space 12800K, 0% used [0x00000000f1980000,0x00000000f1980000,0x00000000f2600000)
 ParOldGen       total 63488K, used 17380K [0x00000000c0000000, 0x00000000c3e00000, 0x00000000eab00000)
  object space 63488K, 27% used [0x00000000c0000000,0x00000000c10f9388,0x00000000c3e00000)
 Metaspace       used 35276K, capacity 35678K, committed 36096K, reserved 1079296K
  class space    used 5130K, capacity 5277K, committed 5376K, reserved 1048576K
Event: 5.349 GC heap after
Heap after GC invocations=15 (full 2):
 PSYoungGen      total 125952K, used 1136K [0x00000000eab00000, 0x00000000f4680000, 0x0000000100000000)
  eden space 113152K, 0% used [0x00000000eab00000,0x00000000eab00000,0x00000000f1980000)
  from space 12800K, 8% used [0x00000000f1980000,0x00000000f1a9c140,0x00000000f2600000)
  to   space 12800K, 0% used [0x00000000f3a00000,0x00000000f3a00000,0x00000000f4680000)
 ParOldGen       total 63488K, used 17380K [0x00000000c0000000, 0x00000000c3e00000, 0x00000000eab00000)
  object space 63488K, 27% used [0x00000000c0000000,0x00000000c10f9388,0x00000000c3e00000)
 Metaspace       used 35276K, capacity 35678K, committed 36096K, reserved 1079296K
  class space    used 5130K, capacity 5277K, committed 5376K, reserved 1048576K
}
Event: 5.568 GC heap before
{Heap before GC invocations=16 (full 2):
 PSYoungGen      total 125952K, used 114288K [0x00000000eab00000, 0x00000000f4680000, 0x0000000100000000)
  eden space 113152K, 100% used [0x00000000eab00000,0x00000000f1980000,0x00000000f1980000)
  from space 12800K, 8% used [0x00000000f1980000,0x00000000f1a9c140,0x00000000f2600000)
  to   space 12800K, 0% used [0x00000000f3a00000,0x00000000f3a00000,0x00000000f4680000)
 ParOldGen       total 63488K, used 17380K [0x00000000c0000000, 0x00000000c3e00000, 0x00000000eab00000)
  object space 63488K, 27% used [0x00000000c0000000,0x00000000c10f9388,0x00000000c3e00000)
 Metaspace       used 35285K, capacity 35742K, committed 36096K, reserved 1079296K
  class space    used 5131K, capacity 5277K, committed 5376K, reserved 1048576K
Event: 5.570 GC heap after
Heap after GC invocations=16 (full 2):
 PSYoungGen      total 145408K, used 448K [0x00000000eab00000, 0x00000000f4600000, 0x0000000100000000)
  eden space 133120K, 0% used [0x00000000eab00000,0x00000000eab00000,0x00000000f2d00000)
  from space 12288K, 3% used [0x00000000f3a00000,0x00000000f3a70020,0x00000000f4600000)
  to   space 12800K, 0% used [0x00000000f2d00000,0x00000000f2d00000,0x00000000f3980000)
 ParOldGen       total 63488K, used 17380K [0x00000000c0000000, 0x00000000c3e00000, 0x00000000eab00000)
  object space 63488K, 27% used [0x00000000c0000000,0x00000000c10f9388,0x00000000c3e00000)
 Metaspace       used 35285K, capacity 35742K, committed 36096K, reserved 1079296K
  class space    used 5131K, capacity 5277K, committed 5376K, reserved 1048576K
}
Event: 5.835 GC heap before
{Heap before GC invocations=17 (full 2):
 PSYoungGen      total 145408K, used 133568K [0x00000000eab00000, 0x00000000f4600000, 0x0000000100000000)
  eden space 133120K, 100% used [0x00000000eab00000,0x00000000f2d00000,0x00000000f2d00000)
  from space 12288K, 3% used [0x00000000f3a00000,0x00000000f3a70020,0x00000000f4600000)
  to   space 12800K, 0% used [0x00000000f2d00000,0x00000000f2d00000,0x00000000f3980000)
 ParOldGen       total 63488K, used 17380K [0x00000000c0000000, 0x00000000c3e00000, 0x00000000eab00000)
  object space 63488K, 27% used [0x00000000c0000000,0x00000000c10f9388,0x00000000c3e00000)
 Metaspace       used 35302K, capacity 35742K, committed 36096K, reserved 1079296K
  class space    used 5131K, capacity 5277K, committed 5376K, reserved 1048576K
Event: 5.837 GC heap after
Heap after GC invocations=17 (full 2):
 PSYoungGen      total 145920K, used 704K [0x00000000eab00000, 0x00000000f4600000, 0x0000000100000000)
  eden space 133120K, 0% used [0x00000000eab00000,0x00000000eab00000,0x00000000f2d00000)
  from space 12800K, 5% used [0x00000000f2d00000,0x00000000f2db0020,0x00000000f3980000)
  to   space 12288K, 0% used [0x00000000f3a00000,0x00000000f3a00000,0x00000000f4600000)
 ParOldGen       total 63488K, used 17380K [0x00000000c0000000, 0x00000000c3e00000, 0x00000000eab00000)
  object space 63488K, 27% used [0x00000000c0000000,0x00000000c10f9388,0x00000000c3e00000)
 Metaspace       used 35302K, capacity 35742K, committed 36096K, reserved 1079296K
  class space    used 5131K, capacity 5277K, committed 5376K, reserved 1048576K
}
Event: 6.716 GC heap before
{Heap before GC invocations=18 (full 2):
 PSYoungGen      total 145920K, used 133824K [0x00000000eab00000, 0x00000000f4600000, 0x0000000100000000)
  eden space 133120K, 100% used [0x00000000eab00000,0x00000000f2d00000,0x00000000f2d00000)
  from space 12800K, 5% used [0x00000000f2d00000,0x00000000f2db0020,0x00000000f3980000)
  to   space 12288K, 0% used [0x00000000f3a00000,0x00000000f3a00000,0x00000000f4600000)
 ParOldGen       total 63488K, used 17380K [0x00000000c0000000, 0x00000000c3e00000, 0x00000000eab00000)
  object space 63488K, 27% used [0x00000000c0000000,0x00000000c10f9388,0x00000000c3e00000)
 Metaspace       used 35696K, capacity 36068K, committed 36352K, reserved 1081344K
  class space    used 5158K, capacity 5278K, committed 5376K, reserved 1048576K
Event: 6.742 GC heap after
Heap after GC invocations=18 (full 2):
 PSYoungGen      total 145408K, used 12279K [0x00000000eab00000, 0x00000000f4600000, 0x0000000100000000)
  eden space 133120K, 0% used [0x00000000eab00000,0x00000000eab00000,0x00000000f2d00000)
  from space 12288K, 99% used [0x00000000f3a00000,0x00000000f45fdf18,0x00000000f4600000)
  to   space 12800K, 0% used [0x00000000f2d00000,0x00000000f2d00000,0x00000000f3980000)
 ParOldGen       total 63488K, used 17476K [0x00000000c0000000, 0x00000000c3e00000, 0x00000000eab00000)
  object space 63488K, 27% used [0x00000000c0000000,0x00000000c1111388,0x00000000c3e00000)
 Metaspace       used 35696K, capacity 36068K, committed 36352K, reserved 1081344K
  class space    used 5158K, capacity 5278K, committed 5376K, reserved 1048576K
}

Deoptimization events (10 events):
Event: 8.133 Thread 0x0000000019971000 Uncommon trap: reason=class_check action=maybe_recompile pc=0x000000000382e06c method=org.objectweb.asm.ClassReader.accept(Lorg/objectweb/asm/ClassVisitor;[Lorg/objectweb/asm/Attribute;I)V @ 607
Event: 8.133 Thread 0x0000000019971000 Uncommon trap: reason=class_check action=maybe_recompile pc=0x000000000376bfd4 method=org.objectweb.asm.ClassReader.readCode(Lorg/objectweb/asm/MethodVisitor;Lorg/objectweb/asm/Context;I)V @ 3299
Event: 8.133 Thread 0x0000000019971000 Uncommon trap: reason=class_check action=maybe_recompile pc=0x000000000376bfd4 method=org.objectweb.asm.ClassReader.readCode(Lorg/objectweb/asm/MethodVisitor;Lorg/objectweb/asm/Context;I)V @ 3299
Event: 8.133 Thread 0x0000000019971000 Uncommon trap: reason=class_check action=maybe_recompile pc=0x000000000376daec method=org.objectweb.asm.ClassReader.readCode(Lorg/objectweb/asm/MethodVisitor;Lorg/objectweb/asm/Context;I)V @ 4034
Event: 8.133 Thread 0x0000000019971000 Uncommon trap: reason=class_check action=maybe_recompile pc=0x000000000376daec method=org.objectweb.asm.ClassReader.readCode(Lorg/objectweb/asm/MethodVisitor;Lorg/objectweb/asm/Context;I)V @ 4034
Event: 8.136 Thread 0x0000000019976800 Uncommon trap: reason=class_check action=maybe_recompile pc=0x00000000036c4968 method=com.google.common.io.ByteStreams.copy(Ljava/io/InputStream;Ljava/io/OutputStream;)J @ 20
Event: 8.136 Thread 0x0000000019976800 Uncommon trap: reason=class_check action=maybe_recompile pc=0x000000000382e06c method=org.objectweb.asm.ClassReader.accept(Lorg/objectweb/asm/ClassVisitor;[Lorg/objectweb/asm/Attribute;I)V @ 607
Event: 8.140 Thread 0x0000000019971000 Uncommon trap: reason=class_check action=maybe_recompile pc=0x00000000036c4968 method=com.google.common.io.ByteStreams.copy(Ljava/io/InputStream;Ljava/io/OutputStream;)J @ 20
Event: 8.140 Thread 0x0000000019971000 Uncommon trap: reason=class_check action=maybe_recompile pc=0x000000000382e06c method=org.objectweb.asm.ClassReader.accept(Lorg/objectweb/asm/ClassVisitor;[Lorg/objectweb/asm/Attribute;I)V @ 607
Event: 8.384 Thread 0x0000000019975800 Uncommon trap: reason=class_check action=maybe_recompile pc=0x000000000379ad88 method=org.objectweb.asm.ClassReader.readCode(Lorg/objectweb/asm/MethodVisitor;Lorg/objectweb/asm/Context;I)V @ 4259

Classes redefined (0 events):
No events

Internal exceptions (10 events):
Event: 3.726 Thread 0x0000000019973800 Exception <a 'java/lang/ClassNotFoundException': org/gradle/api/internal/ConventionTaskCustomizer> (0x00000000eb8a7af0) thrown at [C:\jenkins\workspace\8-2-build-windows-amd64-cygwin\jdk8u251\737\hotspot\src\share\vm\classfile\systemDictionary.cpp, line 2
Event: 3.741 Thread 0x0000000019973800 Exception <a 'java/lang/ClassNotFoundException': org/gradle/api/tasks/SourceTaskCustomizer> (0x00000000eb8ca630) thrown at [C:\jenkins\workspace\8-2-build-windows-amd64-cygwin\jdk8u251\737\hotspot\src\share\vm\classfile\systemDictionary.cpp, line 210]
Event: 3.771 Thread 0x0000000019973800 Exception <a 'java/lang/ClassNotFoundException': org/gradle/api/tasks/compile/AbstractCompileCustomizer> (0x00000000eb921680) thrown at [C:\jenkins\workspace\8-2-build-windows-amd64-cygwin\jdk8u251\737\hotspot\src\share\vm\classfile\systemDictionary.cpp, 
Event: 3.779 Thread 0x0000000019973800 Exception <a 'java/lang/ClassNotFoundException': org/gradle/api/tasks/compile/JavaCompileCustomizer> (0x00000000eb9632f0) thrown at [C:\jenkins\workspace\8-2-build-windows-amd64-cygwin\jdk8u251\737\hotspot\src\share\vm\classfile\systemDictionary.cpp, line
Event: 3.790 Thread 0x0000000019973800 Exception <a 'java/lang/ClassNotFoundException': org/gradle/api/tasks/compile/JavaCompile_DecoratedCustomizer> (0x00000000eb9ac380) thrown at [C:\jenkins\workspace\8-2-build-windows-amd64-cygwin\jdk8u251\737\hotspot\src\share\vm\classfile\systemDictionary
Event: 3.792 Thread 0x0000000019973800 Exception <a 'java/lang/SecurityException'> (0x00000000eba14928) thrown at [C:\jenkins\workspace\8-2-build-windows-amd64-cygwin\jdk8u251\737\hotspot\src\share\vm\prims\jvm.cpp, line 1506]
Event: 3.793 Thread 0x0000000019973800 Exception <a 'java/lang/ClassNotFoundException': java/lang/ClassBeanInfo> (0x00000000eba2cdb8) thrown at [C:\jenkins\workspace\8-2-build-windows-amd64-cygwin\jdk8u251\737\hotspot\src\share\vm\classfile\systemDictionary.cpp, line 210]
Event: 3.793 Thread 0x0000000019973800 Exception <a 'java/lang/ClassNotFoundException': java/lang/ClassCustomizer> (0x00000000eba333c0) thrown at [C:\jenkins\workspace\8-2-build-windows-amd64-cygwin\jdk8u251\737\hotspot\src\share\vm\classfile\systemDictionary.cpp, line 210]
Event: 7.309 Thread 0x0000000019973800 Exception <a 'java/io/FileNotFoundException'> (0x00000000ee63a428) thrown at [C:\jenkins\workspace\8-2-build-windows-amd64-cygwin\jdk8u251\737\hotspot\src\share\vm\prims\jni.cpp, line 710]
Event: 7.311 Thread 0x0000000019973800 Exception <a 'java/io/FileNotFoundException'> (0x00000000ee66ef90) thrown at [C:\jenkins\workspace\8-2-build-windows-amd64-cygwin\jdk8u251\737\hotspot\src\share\vm\prims\jni.cpp, line 710]

Events (10 events):
Event: 8.470 Thread 0x00000000150ca800 flushing nmethod 0x00000000035ee550
Event: 8.470 Thread 0x00000000150ca800 flushing nmethod 0x00000000035fa9d0
Event: 8.470 Thread 0x00000000150ca800 flushing nmethod 0x0000000003601190
Event: 8.470 Thread 0x00000000150ca800 flushing nmethod 0x00000000037a7a10
Event: 8.470 Thread 0x00000000150ca800 flushing nmethod 0x00000000037afc50
Event: 8.470 Thread 0x00000000150ca800 flushing nmethod 0x00000000037c3650
Event: 8.470 Thread 0x00000000150ca800 flushing nmethod 0x00000000037d4710
Event: 8.470 Thread 0x00000000150ca800 flushing nmethod 0x000000000383ea90
Event: 8.484 loading class org/gradle/process/internal/health/memory/JvmMemoryStatusSnapshot
Event: 8.484 loading class org/gradle/process/internal/health/memory/JvmMemoryStatusSnapshot done


Dynamic libraries:
0x00007ff61a9f0000 - 0x00007ff61aa27000 	C:\Program Files\Java\jdk1.8.0_251\bin\java.exe
0x00007ff9a5100000 - 0x00007ff9a52f0000 	C:\Windows\SYSTEM32\ntdll.dll
0x00007ff9a4630000 - 0x00007ff9a46e2000 	C:\Windows\System32\KERNEL32.DLL
0x00007ff9a2bc0000 - 0x00007ff9a2e64000 	C:\Windows\System32\KERNELBASE.dll
0x00007ff9a5010000 - 0x00007ff9a50b3000 	C:\Windows\System32\ADVAPI32.dll
0x00007ff9a4590000 - 0x00007ff9a462e000 	C:\Windows\System32\msvcrt.dll
0x00007ff9a4e40000 - 0x00007ff9a4ed7000 	C:\Windows\System32\sechost.dll
0x00007ff9a3360000 - 0x00007ff9a3480000 	C:\Windows\System32\RPCRT4.dll
0x00007ff9a3980000 - 0x00007ff9a3b15000 	C:\Windows\System32\USER32.dll
0x00007ff9a2fe0000 - 0x00007ff9a3001000 	C:\Windows\System32\win32u.dll
0x00007ff9a34e0000 - 0x00007ff9a3506000 	C:\Windows\System32\GDI32.dll
0x00007ff9a2a20000 - 0x00007ff9a2bb6000 	C:\Windows\System32\gdi32full.dll
0x00007ff9a2f40000 - 0x00007ff9a2fde000 	C:\Windows\System32\msvcp_win.dll
0x00007ff9a2810000 - 0x00007ff9a290a000 	C:\Windows\System32\ucrtbase.dll
0x00007ff995dd0000 - 0x00007ff996054000 	C:\Windows\WinSxS\amd64_microsoft.windows.common-controls_6595b64144ccf1df_6.0.18362.1016_none_9e7a36bbe461dae4\COMCTL32.dll
0x00007ff9a47a0000 - 0x00007ff9a4ad5000 	C:\Windows\System32\combase.dll
0x00007ff9a2e70000 - 0x00007ff9a2ef0000 	C:\Windows\System32\bcryptPrimitives.dll
0x00007ff9a31b0000 - 0x00007ff9a31de000 	C:\Windows\System32\IMM32.DLL
0x0000000063240000 - 0x0000000063312000 	C:\Program Files\Java\jdk1.8.0_251\jre\bin\msvcr100.dll
0x0000000062990000 - 0x000000006323b000 	C:\Program Files\Java\jdk1.8.0_251\jre\bin\server\jvm.dll
0x00007ff9a4450000 - 0x00007ff9a4458000 	C:\Windows\System32\PSAPI.DLL
0x00007ff99f910000 - 0x00007ff99f934000 	C:\Windows\SYSTEM32\WINMM.dll
0x00007ff99cfc0000 - 0x00007ff99cfca000 	C:\Windows\SYSTEM32\VERSION.dll
0x00007ff99dfe0000 - 0x00007ff99dfe9000 	C:\Windows\SYSTEM32\WSOCK32.dll
0x00007ff9a43c0000 - 0x00007ff9a442f000 	C:\Windows\System32\WS2_32.dll
0x00007ff99f8e0000 - 0x00007ff99f90d000 	C:\Windows\SYSTEM32\winmmbase.dll
0x00007ff9a2ef0000 - 0x00007ff9a2f3a000 	C:\Windows\System32\cfgmgr32.dll
0x00007ff99fae0000 - 0x00007ff99faef000 	C:\Program Files\Java\jdk1.8.0_251\jre\bin\verify.dll
0x00007ff987250000 - 0x00007ff987279000 	C:\Program Files\Java\jdk1.8.0_251\jre\bin\java.dll
0x00007ff9920f0000 - 0x00007ff992106000 	C:\Program Files\Java\jdk1.8.0_251\jre\bin\zip.dll
0x00007ff9a3cd0000 - 0x00007ff9a43b7000 	C:\Windows\System32\SHELL32.dll
0x00007ff9a4460000 - 0x00007ff9a4509000 	C:\Windows\System32\shcore.dll
0x00007ff9a2080000 - 0x00007ff9a2802000 	C:\Windows\System32\windows.storage.dll
0x00007ff9a2000000 - 0x00007ff9a2023000 	C:\Windows\System32\profapi.dll
0x00007ff9a2030000 - 0x00007ff9a207a000 	C:\Windows\System32\powrprof.dll
0x00007ff9a1fb0000 - 0x00007ff9a1fc0000 	C:\Windows\System32\UMPDC.dll
0x00007ff9a4b50000 - 0x00007ff9a4ba2000 	C:\Windows\System32\shlwapi.dll
0x00007ff9a1fe0000 - 0x00007ff9a1ff1000 	C:\Windows\System32\kernel.appcore.dll
0x00007ff9a3010000 - 0x00007ff9a3027000 	C:\Windows\System32\cryptsp.dll
0x00007ff98f610000 - 0x00007ff98f62a000 	C:\Program Files\Java\jdk1.8.0_251\jre\bin\net.dll
0x00007ff9a1810000 - 0x00007ff9a1877000 	C:\Windows\system32\mswsock.dll
0x00007ff987230000 - 0x00007ff987242000 	C:\Program Files\Java\jdk1.8.0_251\jre\bin\nio.dll
0x00007ff987210000 - 0x00007ff98722e000 	C:\Users\Piuta\.gradle\native\25\windows-amd64\native-platform.dll
0x00007ff993c60000 - 0x00007ff993c6d000 	C:\Program Files\Java\jdk1.8.0_251\jre\bin\management.dll
0x00007ff9a1320000 - 0x00007ff9a1353000 	C:\Windows\system32\rsaenh.dll
0x00007ff9a3180000 - 0x00007ff9a31a6000 	C:\Windows\System32\bcrypt.dll
0x00007ff9a1ed0000 - 0x00007ff9a1ef5000 	C:\Windows\SYSTEM32\USERENV.dll
0x00007ff9a19e0000 - 0x00007ff9a19ec000 	C:\Windows\SYSTEM32\CRYPTBASE.dll
0x00007ff9a14c0000 - 0x00007ff9a14fa000 	C:\Windows\SYSTEM32\IPHLPAPI.DLL
0x00007ff9a4430000 - 0x00007ff9a4438000 	C:\Windows\System32\NSI.dll
0x00007ff99c450000 - 0x00007ff99c466000 	C:\Windows\SYSTEM32\dhcpcsvc6.DLL
0x00007ff99c430000 - 0x00007ff99c44c000 	C:\Windows\SYSTEM32\dhcpcsvc.DLL
0x00007ff9a1500000 - 0x00007ff9a15cb000 	C:\Windows\SYSTEM32\DNSAPI.dll

VM Arguments:
jvm_args: -XX:+HeapDumpOnOutOfMemoryError -Xmx1024m -Dfile.encoding=windows-1252 -Duser.country=US -Duser.language=en -Duser.variant 
java_command: org.gradle.launcher.daemon.bootstrap.GradleDaemon 4.10.3
java_class_path (initial): C:\Users\Piuta\.gradle\wrapper\dists\gradle-4.10.3-all\81msde2dx9p4vji0mjgtvxkcb\gradle-4.10.3\lib\gradle-launcher-4.10.3.jar
Launcher Type: SUN_STANDARD

Environment Variables:
JAVA_HOME=C:\Program Files\Java\jdk1.8.0_251
PATH=C:\Windows\system32;C:\Windows;C:\Windows\System32\Wbem;C:\Windows\System32\WindowsPowerShell\v1.0\;C:\Windows\System32\OpenSSH\;C:\Program Files\Git\cmd;C:\Program Files\MySQL\MySQL Server 8.0\bin;%CATALINA_HOME%\bin;C:\Program Files\MySQL\MySQL Shell 8.0\bin\;C:\Users\Piuta\AppData\Local\Microsoft\WindowsApps;
USERNAME=Piuta
OS=Windows_NT
PROCESSOR_IDENTIFIER=Intel64 Family 6 Model 158 Stepping 9, GenuineIntel



---------------  S Y S T E M  ---------------

OS: Windows 10.0 , 64 bit Build 18362 (10.0.18362.959)

CPU:total 4 (initial active 4) (4 cores per cpu, 1 threads per core) family 6 model 158 stepping 9, cmov, cx8, fxsr, mmx, sse, sse2, sse3, ssse3, sse4.1, sse4.2, popcnt, avx, avx2, aes, clmul, erms, 3dnowpref, lzcnt, tsc, tscinvbit, bmi1, bmi2, adx

Memory: 4k page, physical 8247452k(987468k free), swap 12443804k(6592k free)

vm_info: Java HotSpot(TM) 64-Bit Server VM (25.251-b08) for windows-amd64 JRE (1.8.0_251-b08), built on Mar 12 2020 06:31:49 by "" with MS VC++ 10.0 (VS2010)

time: Fri Sep 04 16:57:11 2020
timezone: SE Asia Standard Time
elapsed time: 8 seconds (0d 0h 0m 8s)

