#
# There is insufficient memory for the Java Runtime Environment to continue.
# Native memory allocation (malloc) failed to allocate 1744176 bytes for Chunk::new
# Possible reasons:
#   The system is out of physical RAM or swap space
#   The process is running with CompressedOops enabled, and the Java Heap may be blocking the growth of the native heap
# Possible solutions:
#   Reduce memory load on the system
#   Increase physical memory or swap space
#   Check if swap backing store is full
#   Decrease Java heap size (-Xmx/-Xms)
#   Decrease number of Java threads
#   Decrease Java thread stack sizes (-Xss)
#   Set larger code cache with -XX:ReservedCodeCacheSize=
#   JVM is running with Unscaled Compressed Oops mode in which the Java heap is
#     placed in the first 4GB address space. The Java Heap base address is the
#     maximum limit for the native heap growth. Please use -XX:HeapBaseMinAddress
#     to set the Java Heap base and to place the Java Heap above 4GB virtual address.
# This output file may be truncated or incomplete.
#
#  Out of Memory Error (allocation.cpp:389), pid=6060, tid=0x0000000000000594
#
# JRE version: Java(TM) SE Runtime Environment (8.0_251-b08) (build 1.8.0_251-b08)
# Java VM: Java HotSpot(TM) 64-Bit Server VM (25.251-b08 mixed mode windows-amd64 compressed oops)
# Failed to write core dump. Minidumps are not enabled by default on client versions of Windows
#

---------------  T H R E A D  ---------------

Current thread (0x0000000014b5f000):  JavaThread "C2 CompilerThread1" daemon [_thread_in_native, id=1428, stack(0x00000000162c0000,0x00000000163c0000)]

Stack: [0x00000000162c0000,0x00000000163c0000]
[error occurred during error reporting (printing stack bounds), id 0xc0000005]

Native frames: (J=compiled Java code, j=interpreted, Vv=VM code, C=native code)


Current CompileTask:
C2:  16320 5462       4       org.objectweb.asm.ClassReader::accept (1253 bytes)


---------------  P R O C E S S  ---------------

Java Threads: ( => current thread )
  0x0000000019a5f000 JavaThread "Cache worker for Java compile cache (C:\Users\Piuta\Documents\Codegym\GitProject\Module4\spring-security-mysql-demo\.gradle\4.10.3\javaCompile)" [_thread_in_native, id=11732, stack(0x0000000020b60000,0x0000000020c60000)]
  0x0000000019a57800 JavaThread "Cache worker for Java compile cache (C:\Users\Piuta\.gradle\caches\4.10.3\javaCompile)" [_thread_blocked, id=11412, stack(0x0000000020a60000,0x0000000020b60000)]
  0x0000000019a5b000 JavaThread "Build operations Thread 4" [_thread_blocked, id=12852, stack(0x0000000020960000,0x0000000020a60000)]
  0x0000000019a5e000 JavaThread "Build operations Thread 3" [_thread_blocked, id=10248, stack(0x0000000020860000,0x0000000020960000)]
  0x0000000019a59000 JavaThread "Build operations Thread 2" [_thread_blocked, id=8976, stack(0x0000000020760000,0x0000000020860000)]
  0x0000000019a5d800 JavaThread "Build operations" [_thread_blocked, id=10520, stack(0x0000000020660000,0x0000000020760000)]
  0x0000000019a5c800 JavaThread "Cache worker for Build Output Cleanup Cache (C:\Users\Piuta\Documents\Codegym\GitProject\Module4\spring-security-mysql-demo\.gradle\buildOutputCleanup)" [_thread_blocked, id=12152, stack(0x0000000020360000,0x0000000020460000)]
  0x0000000019a59800 JavaThread "Cache worker for task history cache (C:\Users\Piuta\Documents\Codegym\GitProject\Module4\spring-security-mysql-demo\.gradle\4.10.3\taskHistory)" [_thread_blocked, id=12580, stack(0x0000000020260000,0x0000000020360000)]
  0x0000000019a5c000 JavaThread "Task worker for ':' Thread 3" [_thread_blocked, id=11424, stack(0x000000001f190000,0x000000001f290000)]
  0x0000000019a5a800 JavaThread "Task worker for ':' Thread 2" [_thread_blocked, id=2424, stack(0x000000001ed00000,0x000000001ee00000)]
  0x0000000019a50000 JavaThread "Task worker for ':'" [_thread_blocked, id=9096, stack(0x000000001f090000,0x000000001f190000)]
  0x0000000019a56000 JavaThread "Cache worker for file content cache (C:\Users\Piuta\Documents\Codegym\GitProject\Module4\spring-security-mysql-demo\.gradle\4.10.3\fileContent)" [_thread_blocked, id=4132, stack(0x000000001ec00000,0x000000001ed00000)]
  0x0000000019a50800 JavaThread "Cache worker for file content cache (C:\Users\Piuta\.gradle\caches\4.10.3\fileContent)" [_thread_blocked, id=11160, stack(0x000000001e440000,0x000000001e540000)]
  0x0000000019a53800 JavaThread "Memory manager" [_thread_blocked, id=10852, stack(0x000000001d320000,0x000000001d420000)]
  0x0000000019a53000 JavaThread "Cache worker for Artifact transforms cache (C:\Users\Piuta\.gradle\caches\transforms-1)" [_thread_blocked, id=4800, stack(0x000000001d220000,0x000000001d320000)]
  0x0000000019a55000 JavaThread "Cache worker for cache directory md-rule (C:\Users\Piuta\.gradle\caches\4.10.3\md-rule)" [_thread_blocked, id=1592, stack(0x000000001d120000,0x000000001d220000)]
  0x0000000019a52000 JavaThread "Cache worker for cache directory md-supplier (C:\Users\Piuta\.gradle\caches\4.10.3\md-supplier)" [_thread_blocked, id=12168, stack(0x000000001cb80000,0x000000001cc80000)]
  0x0000000019a51800 JavaThread "Cache worker for journal cache (C:\Users\Piuta\.gradle\caches\journal-1)" [_thread_blocked, id=9440, stack(0x000000001b8b0000,0x000000001b9b0000)]
  0x0000000019a54800 JavaThread "Cache worker for file hash cache (C:\Users\Piuta\Documents\Codegym\GitProject\Module4\spring-security-mysql-demo\.gradle\4.10.3\fileHashes)" [_thread_blocked, id=8448, stack(0x000000001a7e0000,0x000000001a8e0000)]
  0x0000000019a56800 JavaThread "File lock request listener" [_thread_in_native, id=8236, stack(0x000000001a6e0000,0x000000001a7e0000)]
  0x0000000017edf800 JavaThread "Cache worker for file hash cache (C:\Users\Piuta\.gradle\caches\4.10.3\fileHashes)" [_thread_blocked, id=3448, stack(0x000000001a5e0000,0x000000001a6e0000)]
  0x0000000017edd800 JavaThread "Stdin handler" [_thread_blocked, id=2132, stack(0x0000000019310000,0x0000000019410000)]
  0x0000000017edf000 JavaThread "Asynchronous log dispatcher for DefaultDaemonConnection: socket connection from /127.0.0.1:65130 to /127.0.0.1:65131" [_thread_blocked, id=7832, stack(0x0000000019210000,0x0000000019310000)]
  0x0000000017ee4000 JavaThread "Daemon worker" [_thread_blocked, id=6440, stack(0x0000000018f10000,0x0000000019010000)]
  0x0000000017ee3800 JavaThread "Cancel handler" [_thread_blocked, id=4764, stack(0x0000000018e10000,0x0000000018f10000)]
  0x0000000017ee2800 JavaThread "Handler for socket connection from /127.0.0.1:65130 to /127.0.0.1:65131" [_thread_in_native, id=13208, stack(0x0000000018d10000,0x0000000018e10000)]
  0x0000000017ee2000 JavaThread "Daemon" [_thread_blocked, id=11492, stack(0x0000000018c10000,0x0000000018d10000)]
  0x0000000017ede000 JavaThread "Daemon periodic checks" [_thread_blocked, id=10980, stack(0x0000000018b10000,0x0000000018c10000)]
  0x0000000017ee1000 JavaThread "Incoming local TCP Connector on port 65130" [_thread_in_native, id=10372, stack(0x00000000188d0000,0x00000000189d0000)]
  0x0000000017ee0800 JavaThread "Daemon health stats" [_thread_blocked, id=1004, stack(0x0000000018290000,0x0000000018390000)]
  0x0000000014bbe000 JavaThread "Service Thread" daemon [_thread_blocked, id=10540, stack(0x00000000168c0000,0x00000000169c0000)]
  0x0000000014b62000 JavaThread "C1 CompilerThread2" daemon [_thread_blocked, id=2868, stack(0x00000000163c0000,0x00000000164c0000)]
=>0x0000000014b5f000 JavaThread "C2 CompilerThread1" daemon [_thread_in_native, id=1428, stack(0x00000000162c0000,0x00000000163c0000)]
  0x0000000014b5b800 JavaThread "C2 CompilerThread0" daemon [_thread_blocked, id=11064, stack(0x00000000161c0000,0x00000000162c0000)]
  0x0000000014b67800 JavaThread "Attach Listener" daemon [_thread_blocked, id=9604, stack(0x00000000160c0000,0x00000000161c0000)]
  0x0000000014b66800 JavaThread "Signal Dispatcher" daemon [_thread_blocked, id=1628, stack(0x0000000015fc0000,0x00000000160c0000)]
  0x000000000248a800 JavaThread "Finalizer" daemon [_thread_blocked, id=8064, stack(0x0000000015dc0000,0x0000000015ec0000)]
  0x0000000002482000 JavaThread "Reference Handler" daemon [_thread_blocked, id=6024, stack(0x0000000015cc0000,0x0000000015dc0000)]
  0x000000000238e000 JavaThread "main" [_thread_blocked, id=7912, stack(0x00000000021d0000,0x00000000022d0000)]

Other Threads:
  0x0000000014b27000 VMThread [stack: 0x0000000015bc0000,0x0000000015cc0000] [id=6720]
  0x0000000016502800 WatcherThread [stack: 0x00000000169c0000,0x0000000016ac0000] [id=11448]

VM state:not at safepoint (normal execution)

VM Mutex/Monitor currently owned by a thread: None

heap address: 0x00000000c0000000, size: 1024 MB, Compressed Oops mode: 32-bit
Narrow klass base: 0x0000000000000000, Narrow klass shift: 3
Compressed class space size: 1073741824 Address: 0x0000000100000000

Heap:
 PSYoungGen      total 143872K, used 34779K [0x00000000eab00000, 0x00000000f4700000, 0x0000000100000000)
  eden space 131072K, 16% used [0x00000000eab00000,0x00000000ec07adf8,0x00000000f2b00000)
  from space 12800K, 99% used [0x00000000f2b00000,0x00000000f377c0a0,0x00000000f3780000)
  to   space 13312K, 0% used [0x00000000f3780000,0x00000000f3780000,0x00000000f4480000)
 ParOldGen       total 62464K, used 34671K [0x00000000c0000000, 0x00000000c3d00000, 0x00000000eab00000)
  object space 62464K, 55% used [0x00000000c0000000,0x00000000c21dbcc8,0x00000000c3d00000)
 Metaspace       used 41899K, capacity 42426K, committed 42752K, reserved 1085440K
  class space    used 5893K, capacity 6055K, committed 6144K, reserved 1048576K

Card table byte_map: [0x0000000011850000,0x0000000011a60000] byte_map_base: 0x0000000011250000

Marking Bits: (ParMarkBitMap*) 0x00000000631baf90
 Begin Bits: [0x0000000011fc0000, 0x0000000012fc0000)
 End Bits:   [0x0000000012fc0000, 0x0000000013fc0000)

Polling page: 0x00000000004b0000

CodeCache: size=245760Kb used=18200Kb max_used=18363Kb free=227559Kb
 bounds [0x0000000002490000, 0x00000000036c0000, 0x0000000011490000]
 total_blobs=5629 nmethods=4881 adapters=658
 compilation: enabled

Compilation events (10 events):
Event: 15.942 Thread 0x0000000014b62000 nmethod 5457 0x00000000026decd0 code [0x00000000026dee20, 0x00000000026def30]
Event: 15.984 Thread 0x0000000014b62000 5458   !   3       com.google.common.cache.LocalCache$Segment::put (419 bytes)
Event: 15.986 Thread 0x0000000014b62000 nmethod 5458 0x000000000369fd50 code [0x00000000036a02c0, 0x00000000036a3d58]
Event: 15.996 Thread 0x0000000014b62000 5459   !   3       com.google.common.cache.LocalCache$Segment::lockedGetOrLoad (433 bytes)
Event: 15.999 Thread 0x0000000014b62000 nmethod 5459 0x00000000036b7650 code [0x00000000036b7c00, 0x00000000036bb978]
Event: 16.009 Thread 0x0000000014b5b800 5460       4       org.gradle.cache.internal.CacheAccessWorker$1::call (10 bytes)
Event: 16.024 Thread 0x0000000014b5b800 nmethod 5460 0x0000000003241810 code [0x0000000003241ae0, 0x00000000032427b8]
Event: 16.027 Thread 0x0000000014b62000 5461   !   3       java.util.concurrent.FutureTask::run (126 bytes)
Event: 16.027 Thread 0x0000000014b62000 nmethod 5461 0x0000000003063850 code [0x0000000003063a40, 0x0000000003064388]
Event: 16.071 Thread 0x0000000014b5f000 5462       4       org.objectweb.asm.ClassReader::accept (1253 bytes)

GC Heap History (10 events):
Event: 7.261 GC heap before
{Heap before GC invocations=13 (full 2):
 PSYoungGen      total 117248K, used 117240K [0x00000000eab00000, 0x00000000f3180000, 0x0000000100000000)
  eden space 105472K, 100% used [0x00000000eab00000,0x00000000f1200000,0x00000000f1200000)
  from space 11776K, 99% used [0x00000000f2600000,0x00000000f317e320,0x00000000f3180000)
  to   space 13312K, 0% used [0x00000000f1780000,0x00000000f1780000,0x00000000f2480000)
 ParOldGen       total 62464K, used 18068K [0x00000000c0000000, 0x00000000c3d00000, 0x00000000eab00000)
  object space 62464K, 28% used [0x00000000c0000000,0x00000000c11a50b8,0x00000000c3d00000)
 Metaspace       used 41816K, capacity 42356K, committed 42752K, reserved 1085440K
  class space    used 5883K, capacity 6054K, committed 6144K, reserved 1048576K
Event: 7.276 GC heap after
Heap after GC invocations=13 (full 2):
 PSYoungGen      total 124416K, used 5335K [0x00000000eab00000, 0x00000000f4480000, 0x0000000100000000)
  eden space 111104K, 0% used [0x00000000eab00000,0x00000000eab00000,0x00000000f1780000)
  from space 13312K, 40% used [0x00000000f1780000,0x00000000f1cb5ee8,0x00000000f2480000)
  to   space 13312K, 0% used [0x00000000f3780000,0x00000000f3780000,0x00000000f4480000)
 ParOldGen       total 62464K, used 27109K [0x00000000c0000000, 0x00000000c3d00000, 0x00000000eab00000)
  object space 62464K, 43% used [0x00000000c0000000,0x00000000c1a79508,0x00000000c3d00000)
 Metaspace       used 41816K, capacity 42356K, committed 42752K, reserved 1085440K
  class space    used 5883K, capacity 6054K, committed 6144K, reserved 1048576K
}
Event: 10.024 GC heap before
{Heap before GC invocations=14 (full 2):
 PSYoungGen      total 124416K, used 116439K [0x00000000eab00000, 0x00000000f4480000, 0x0000000100000000)
  eden space 111104K, 100% used [0x00000000eab00000,0x00000000f1780000,0x00000000f1780000)
  from space 13312K, 40% used [0x00000000f1780000,0x00000000f1cb5ee8,0x00000000f2480000)
  to   space 13312K, 0% used [0x00000000f3780000,0x00000000f3780000,0x00000000f4480000)
 ParOldGen       total 62464K, used 27109K [0x00000000c0000000, 0x00000000c3d00000, 0x00000000eab00000)
  object space 62464K, 43% used [0x00000000c0000000,0x00000000c1a79508,0x00000000c3d00000)
 Metaspace       used 41821K, capacity 42356K, committed 42752K, reserved 1085440K
  class space    used 5884K, capacity 6054K, committed 6144K, reserved 1048576K
Event: 10.034 GC heap after
Heap after GC invocations=14 (full 2):
 PSYoungGen      total 144384K, used 8192K [0x00000000eab00000, 0x00000000f4700000, 0x0000000100000000)
  eden space 131072K, 0% used [0x00000000eab00000,0x00000000eab00000,0x00000000f2b00000)
  from space 13312K, 61% used [0x00000000f3780000,0x00000000f3f80000,0x00000000f4480000)
  to   space 12800K, 0% used [0x00000000f2b00000,0x00000000f2b00000,0x00000000f3780000)
 ParOldGen       total 62464K, used 27109K [0x00000000c0000000, 0x00000000c3d00000, 0x00000000eab00000)
  object space 62464K, 43% used [0x00000000c0000000,0x00000000c1a79508,0x00000000c3d00000)
 Metaspace       used 41821K, capacity 42356K, committed 42752K, reserved 1085440K
  class space    used 5884K, capacity 6054K, committed 6144K, reserved 1048576K
}
Event: 12.752 GC heap before
{Heap before GC invocations=15 (full 2):
 PSYoungGen      total 144384K, used 139264K [0x00000000eab00000, 0x00000000f4700000, 0x0000000100000000)
  eden space 131072K, 100% used [0x00000000eab00000,0x00000000f2b00000,0x00000000f2b00000)
  from space 13312K, 61% used [0x00000000f3780000,0x00000000f3f80000,0x00000000f4480000)
  to   space 12800K, 0% used [0x00000000f2b00000,0x00000000f2b00000,0x00000000f3780000)
 ParOldGen       total 62464K, used 27109K [0x00000000c0000000, 0x00000000c3d00000, 0x00000000eab00000)
  object space 62464K, 43% used [0x00000000c0000000,0x00000000c1a79508,0x00000000c3d00000)
 Metaspace       used 41873K, capacity 42356K, committed 42752K, reserved 1085440K
  class space    used 5892K, capacity 6054K, committed 6144K, reserved 1048576K
Event: 12.778 GC heap after
Heap after GC invocations=15 (full 2):
 PSYoungGen      total 143872K, used 12784K [0x00000000eab00000, 0x00000000f4700000, 0x0000000100000000)
  eden space 131072K, 0% used [0x00000000eab00000,0x00000000eab00000,0x00000000f2b00000)
  from space 12800K, 99% used [0x00000000f2b00000,0x00000000f377c040,0x00000000f3780000)
  to   space 13312K, 0% used [0x00000000f3780000,0x00000000f3780000,0x00000000f4480000)
 ParOldGen       total 62464K, used 28073K [0x00000000c0000000, 0x00000000c3d00000, 0x00000000eab00000)
  object space 62464K, 44% used [0x00000000c0000000,0x00000000c1b6a528,0x00000000c3d00000)
 Metaspace       used 41873K, capacity 42356K, committed 42752K, reserved 1085440K
  class space    used 5892K, capacity 6054K, committed 6144K, reserved 1048576K
}
Event: 13.887 GC heap before
{Heap before GC invocations=16 (full 2):
 PSYoungGen      total 143872K, used 143856K [0x00000000eab00000, 0x00000000f4700000, 0x0000000100000000)
  eden space 131072K, 100% used [0x00000000eab00000,0x00000000f2b00000,0x00000000f2b00000)
  from space 12800K, 99% used [0x00000000f2b00000,0x00000000f377c040,0x00000000f3780000)
  to   space 13312K, 0% used [0x00000000f3780000,0x00000000f3780000,0x00000000f4480000)
 ParOldGen       total 62464K, used 28073K [0x00000000c0000000, 0x00000000c3d00000, 0x00000000eab00000)
  object space 62464K, 44% used [0x00000000c0000000,0x00000000c1b6a528,0x00000000c3d00000)
 Metaspace       used 41884K, capacity 42420K, committed 42752K, reserved 1085440K
  class space    used 5892K, capacity 6054K, committed 6144K, reserved 1048576K
Event: 13.902 GC heap after
Heap after GC invocations=16 (full 2):
 PSYoungGen      total 144384K, used 11152K [0x00000000eab00000, 0x00000000f4700000, 0x0000000100000000)
  eden space 131072K, 0% used [0x00000000eab00000,0x00000000eab00000,0x00000000f2b00000)
  from space 13312K, 83% used [0x00000000f3780000,0x00000000f4264080,0x00000000f4480000)
  to   space 12800K, 0% used [0x00000000f2b00000,0x00000000f2b00000,0x00000000f3780000)
 ParOldGen       total 62464K, used 32455K [0x00000000c0000000, 0x00000000c3d00000, 0x00000000eab00000)
  object space 62464K, 51% used [0x00000000c0000000,0x00000000c1fb1cc8,0x00000000c3d00000)
 Metaspace       used 41884K, capacity 42420K, committed 42752K, reserved 1085440K
  class space    used 5892K, capacity 6054K, committed 6144K, reserved 1048576K
}
Event: 15.843 GC heap before
{Heap before GC invocations=17 (full 2):
 PSYoungGen      total 144384K, used 142224K [0x00000000eab00000, 0x00000000f4700000, 0x0000000100000000)
  eden space 131072K, 100% used [0x00000000eab00000,0x00000000f2b00000,0x00000000f2b00000)
  from space 13312K, 83% used [0x00000000f3780000,0x00000000f4264080,0x00000000f4480000)
  to   space 12800K, 0% used [0x00000000f2b00000,0x00000000f2b00000,0x00000000f3780000)
 ParOldGen       total 62464K, used 32455K [0x00000000c0000000, 0x00000000c3d00000, 0x00000000eab00000)
  object space 62464K, 51% used [0x00000000c0000000,0x00000000c1fb1cc8,0x00000000c3d00000)
 Metaspace       used 41895K, capacity 42420K, committed 42752K, reserved 1085440K
  class space    used 5892K, capacity 6054K, committed 6144K, reserved 1048576K
Event: 15.855 GC heap after
Heap after GC invocations=17 (full 2):
 PSYoungGen      total 143872K, used 12784K [0x00000000eab00000, 0x00000000f4700000, 0x0000000100000000)
  eden space 131072K, 0% used [0x00000000eab00000,0x00000000eab00000,0x00000000f2b00000)
  from space 12800K, 99% used [0x00000000f2b00000,0x00000000f377c0a0,0x00000000f3780000)
  to   space 13312K, 0% used [0x00000000f3780000,0x00000000f3780000,0x00000000f4480000)
 ParOldGen       total 62464K, used 34671K [0x00000000c0000000, 0x00000000c3d00000, 0x00000000eab00000)
  object space 62464K, 55% used [0x00000000c0000000,0x00000000c21dbcc8,0x00000000c3d00000)
 Metaspace       used 41895K, capacity 42420K, committed 42752K, reserved 1085440K
  class space    used 5892K, capacity 6054K, committed 6144K, reserved 1048576K
}

Deoptimization events (10 events):
Event: 14.629 Thread 0x0000000019a5b000 Uncommon trap: reason=unstable_if action=reinterpret pc=0x00000000035a1aac method=org.objectweb.asm.ClassReader.readField(Lorg/objectweb/asm/ClassVisitor;Lorg/objectweb/asm/Context;I)I @ 198
Event: 15.148 Thread 0x0000000019a59000 Uncommon trap: reason=unstable_if action=reinterpret pc=0x0000000003671348 method=org.objectweb.asm.ClassReader.accept(Lorg/objectweb/asm/ClassVisitor;[Lorg/objectweb/asm/Attribute;I)V @ 360
Event: 15.300 Thread 0x0000000019a5d800 Uncommon trap: reason=unstable_if action=reinterpret pc=0x000000000358eba0 method=java.util.concurrent.locks.LockSupport.unpark(Ljava/lang/Thread;)V @ 1
Event: 15.382 Thread 0x0000000019a5b000 Uncommon trap: reason=unstable_if action=reinterpret pc=0x0000000002fb51b8 method=sun.util.calendar.BaseCalendar.getFixedDate(IIILsun/util/calendar/BaseCalendar$Date;)J @ 103
Event: 15.382 Thread 0x0000000019a5b000 Uncommon trap: reason=unstable_if action=reinterpret pc=0x000000000269c324 method=sun.util.calendar.BaseCalendar.getFixedDate(IIILsun/util/calendar/BaseCalendar$Date;)J @ 103
Event: 15.906 Thread 0x0000000019a5d800 Uncommon trap: reason=unstable_if action=reinterpret pc=0x00000000035ee7dc method=java.util.concurrent.ConcurrentLinkedQueue.poll()Ljava/lang/Object; @ 25
Event: 15.931 Thread 0x0000000019a5f000 Uncommon trap: reason=unstable_if action=reinterpret pc=0x0000000002fab58c method=java.util.concurrent.FutureTask.finishCompletion()V @ 6
Event: 15.932 Thread 0x0000000019a59000 Uncommon trap: reason=unstable_if action=reinterpret pc=0x000000000356febc method=java.util.concurrent.FutureTask.get()Ljava/lang/Object; @ 7
Event: 16.034 Thread 0x0000000019a57800 Uncommon trap: reason=class_check action=maybe_recompile pc=0x0000000003523b48 method=org.gradle.api.internal.tasks.compile.incremental.deps.ClassSetAnalysisData$Serializer.writeDependentSet(Lorg/gradle/api/internal/tasks/compile/incremental/deps/Dependen
Event: 16.034 Thread 0x0000000019a57800 Uncommon trap: reason=class_check action=maybe_recompile pc=0x0000000003523b48 method=org.gradle.api.internal.tasks.compile.incremental.deps.ClassSetAnalysisData$Serializer.writeDependentSet(Lorg/gradle/api/internal/tasks/compile/incremental/deps/Dependen

Classes redefined (0 events):
No events

Internal exceptions (10 events):
Event: 3.650 Thread 0x0000000019a5a800 Exception <a 'java/lang/ClassNotFoundException': org/gradle/api/tasks/SourceTaskCustomizer> (0x00000000eb633b38) thrown at [C:\jenkins\workspace\8-2-build-windows-amd64-cygwin\jdk8u251\737\hotspot\src\share\vm\classfile\systemDictionary.cpp, line 210]
Event: 3.652 Thread 0x0000000019a5a800 Exception <a 'java/lang/ClassNotFoundException': org/gradle/api/tasks/compile/AbstractCompileCustomizer> (0x00000000eb68abc8) thrown at [C:\jenkins\workspace\8-2-build-windows-amd64-cygwin\jdk8u251\737\hotspot\src\share\vm\classfile\systemDictionary.cpp, 
Event: 3.653 Thread 0x0000000019a5a800 Exception <a 'java/lang/ClassNotFoundException': org/gradle/api/tasks/compile/JavaCompileCustomizer> (0x00000000eb6cc890) thrown at [C:\jenkins\workspace\8-2-build-windows-amd64-cygwin\jdk8u251\737\hotspot\src\share\vm\classfile\systemDictionary.cpp, line
Event: 3.653 Thread 0x0000000019a5a800 Exception <a 'java/lang/ClassNotFoundException': org/gradle/api/tasks/compile/JavaCompile_DecoratedCustomizer> (0x00000000eb715840) thrown at [C:\jenkins\workspace\8-2-build-windows-amd64-cygwin\jdk8u251\737\hotspot\src\share\vm\classfile\systemDictionary
Event: 3.655 Thread 0x0000000019a5a800 Exception <a 'java/lang/SecurityException'> (0x00000000eb77dc18) thrown at [C:\jenkins\workspace\8-2-build-windows-amd64-cygwin\jdk8u251\737\hotspot\src\share\vm\prims\jvm.cpp, line 1506]
Event: 3.656 Thread 0x0000000019a5a800 Exception <a 'java/lang/ClassNotFoundException': java/lang/ClassBeanInfo> (0x00000000eb7960a8) thrown at [C:\jenkins\workspace\8-2-build-windows-amd64-cygwin\jdk8u251\737\hotspot\src\share\vm\classfile\systemDictionary.cpp, line 210]
Event: 3.656 Thread 0x0000000019a5a800 Exception <a 'java/lang/ClassNotFoundException': java/lang/ClassCustomizer> (0x00000000eb79c6b0) thrown at [C:\jenkins\workspace\8-2-build-windows-amd64-cygwin\jdk8u251\737\hotspot\src\share\vm\classfile\systemDictionary.cpp, line 210]
Event: 4.669 Thread 0x0000000019a5a800 Exception <a 'java/io/FileNotFoundException'> (0x00000000ee6e9e60) thrown at [C:\jenkins\workspace\8-2-build-windows-amd64-cygwin\jdk8u251\737\hotspot\src\share\vm\prims\jni.cpp, line 710]
Event: 4.672 Thread 0x0000000019a5a800 Exception <a 'java/io/FileNotFoundException'> (0x00000000ee71e9f8) thrown at [C:\jenkins\workspace\8-2-build-windows-amd64-cygwin\jdk8u251\737\hotspot\src\share\vm\prims\jni.cpp, line 710]
Event: 14.058 Thread 0x0000000019a5b000 Implicit null exception at 0x00000000034c1747 to 0x00000000034cb511

Events (10 events):
Event: 15.932 Executing VM operation: RevokeBias
Event: 15.932 Executing VM operation: RevokeBias done
Event: 15.932 Thread 0x0000000019a59000 DEOPT PACKING pc=0x000000000356febc sp=0x000000002085e260
Event: 15.932 Thread 0x0000000019a59000 DEOPT UNPACKING pc=0x00000000024d583b sp=0x000000002085df08 mode 2
Event: 16.034 Thread 0x0000000019a57800 Uncommon trap: trap_request=0xffffffde fr.pc=0x0000000003523b48
Event: 16.034 Thread 0x0000000019a57800 DEOPT PACKING pc=0x0000000003523b48 sp=0x0000000020b5e220
Event: 16.034 Thread 0x0000000019a57800 DEOPT UNPACKING pc=0x00000000024d583b sp=0x0000000020b5e1d8 mode 2
Event: 16.034 Thread 0x0000000019a57800 Uncommon trap: trap_request=0xffffffde fr.pc=0x0000000003523b48
Event: 16.034 Thread 0x0000000019a57800 DEOPT PACKING pc=0x0000000003523b48 sp=0x0000000020b5e220
Event: 16.034 Thread 0x0000000019a57800 DEOPT UNPACKING pc=0x00000000024d583b sp=0x0000000020b5e1d8 mode 2


Dynamic libraries:
0x00007ff61a9f0000 - 0x00007ff61aa27000 	C:\Program Files\Java\jdk1.8.0_251\bin\java.exe
0x00007ff9a5100000 - 0x00007ff9a52f0000 	C:\Windows\SYSTEM32\ntdll.dll
0x00007ff9a4630000 - 0x00007ff9a46e2000 	C:\Windows\System32\KERNEL32.DLL
0x00007ff9a2bc0000 - 0x00007ff9a2e64000 	C:\Windows\System32\KERNELBASE.dll
0x00007ff9a5010000 - 0x00007ff9a50b3000 	C:\Windows\System32\ADVAPI32.dll
0x00007ff9a4590000 - 0x00007ff9a462e000 	C:\Windows\System32\msvcrt.dll
0x00007ff9a4e40000 - 0x00007ff9a4ed7000 	C:\Windows\System32\sechost.dll
0x00007ff9a3360000 - 0x00007ff9a3480000 	C:\Windows\System32\RPCRT4.dll
0x00007ff9a3980000 - 0x00007ff9a3b15000 	C:\Windows\System32\USER32.dll
0x00007ff9a2fe0000 - 0x00007ff9a3001000 	C:\Windows\System32\win32u.dll
0x00007ff9a34e0000 - 0x00007ff9a3506000 	C:\Windows\System32\GDI32.dll
0x00007ff9a2a20000 - 0x00007ff9a2bb6000 	C:\Windows\System32\gdi32full.dll
0x00007ff9a2f40000 - 0x00007ff9a2fde000 	C:\Windows\System32\msvcp_win.dll
0x00007ff9a2810000 - 0x00007ff9a290a000 	C:\Windows\System32\ucrtbase.dll
0x00007ff995dd0000 - 0x00007ff996054000 	C:\Windows\WinSxS\amd64_microsoft.windows.common-controls_6595b64144ccf1df_6.0.18362.1016_none_9e7a36bbe461dae4\COMCTL32.dll
0x00007ff9a47a0000 - 0x00007ff9a4ad5000 	C:\Windows\System32\combase.dll
0x00007ff9a2e70000 - 0x00007ff9a2ef0000 	C:\Windows\System32\bcryptPrimitives.dll
0x00007ff9a31b0000 - 0x00007ff9a31de000 	C:\Windows\System32\IMM32.DLL
0x0000000063240000 - 0x0000000063312000 	C:\Program Files\Java\jdk1.8.0_251\jre\bin\msvcr100.dll
0x0000000062990000 - 0x000000006323b000 	C:\Program Files\Java\jdk1.8.0_251\jre\bin\server\jvm.dll
0x00007ff9a4450000 - 0x00007ff9a4458000 	C:\Windows\System32\PSAPI.DLL
0x00007ff99dfe0000 - 0x00007ff99dfe9000 	C:\Windows\SYSTEM32\WSOCK32.dll
0x00007ff99cfc0000 - 0x00007ff99cfca000 	C:\Windows\SYSTEM32\VERSION.dll
0x00007ff9a43c0000 - 0x00007ff9a442f000 	C:\Windows\System32\WS2_32.dll
0x00007ff99f910000 - 0x00007ff99f934000 	C:\Windows\SYSTEM32\WINMM.dll
0x00007ff99f8e0000 - 0x00007ff99f90d000 	C:\Windows\SYSTEM32\winmmbase.dll
0x00007ff9a2ef0000 - 0x00007ff9a2f3a000 	C:\Windows\System32\cfgmgr32.dll
0x00007ff99fae0000 - 0x00007ff99faef000 	C:\Program Files\Java\jdk1.8.0_251\jre\bin\verify.dll
0x00007ff987250000 - 0x00007ff987279000 	C:\Program Files\Java\jdk1.8.0_251\jre\bin\java.dll
0x00007ff9920f0000 - 0x00007ff992106000 	C:\Program Files\Java\jdk1.8.0_251\jre\bin\zip.dll
0x00007ff9a3cd0000 - 0x00007ff9a43b7000 	C:\Windows\System32\SHELL32.dll
0x00007ff9a4460000 - 0x00007ff9a4509000 	C:\Windows\System32\shcore.dll
0x00007ff9a2080000 - 0x00007ff9a2802000 	C:\Windows\System32\windows.storage.dll
0x00007ff9a2000000 - 0x00007ff9a2023000 	C:\Windows\System32\profapi.dll
0x00007ff9a2030000 - 0x00007ff9a207a000 	C:\Windows\System32\powrprof.dll
0x00007ff9a1fb0000 - 0x00007ff9a1fc0000 	C:\Windows\System32\UMPDC.dll
0x00007ff9a4b50000 - 0x00007ff9a4ba2000 	C:\Windows\System32\shlwapi.dll
0x00007ff9a1fe0000 - 0x00007ff9a1ff1000 	C:\Windows\System32\kernel.appcore.dll
0x00007ff9a3010000 - 0x00007ff9a3027000 	C:\Windows\System32\cryptsp.dll
0x00007ff98f610000 - 0x00007ff98f62a000 	C:\Program Files\Java\jdk1.8.0_251\jre\bin\net.dll
0x00007ff9a1810000 - 0x00007ff9a1877000 	C:\Windows\system32\mswsock.dll
0x00007ff987230000 - 0x00007ff987242000 	C:\Program Files\Java\jdk1.8.0_251\jre\bin\nio.dll
0x00007ff987210000 - 0x00007ff98722e000 	C:\Users\Piuta\.gradle\native\25\windows-amd64\native-platform.dll
0x00007ff993c60000 - 0x00007ff993c6d000 	C:\Program Files\Java\jdk1.8.0_251\jre\bin\management.dll
0x00007ff9a1320000 - 0x00007ff9a1353000 	C:\Windows\system32\rsaenh.dll
0x00007ff9a3180000 - 0x00007ff9a31a6000 	C:\Windows\System32\bcrypt.dll
0x00007ff9a1ed0000 - 0x00007ff9a1ef5000 	C:\Windows\SYSTEM32\USERENV.dll
0x00007ff9a19e0000 - 0x00007ff9a19ec000 	C:\Windows\SYSTEM32\CRYPTBASE.dll
0x00007ff9a14c0000 - 0x00007ff9a14fa000 	C:\Windows\SYSTEM32\IPHLPAPI.DLL
0x00007ff9a4430000 - 0x00007ff9a4438000 	C:\Windows\System32\NSI.dll
0x00007ff99c450000 - 0x00007ff99c466000 	C:\Windows\SYSTEM32\dhcpcsvc6.DLL
0x00007ff99c430000 - 0x00007ff99c44c000 	C:\Windows\SYSTEM32\dhcpcsvc.DLL
0x00007ff9a1500000 - 0x00007ff9a15cb000 	C:\Windows\SYSTEM32\DNSAPI.dll

VM Arguments:
jvm_args: -XX:+HeapDumpOnOutOfMemoryError -Xmx1024m -Dfile.encoding=windows-1252 -Duser.country=US -Duser.language=en -Duser.variant 
java_command: org.gradle.launcher.daemon.bootstrap.GradleDaemon 4.10.3
java_class_path (initial): C:\Users\Piuta\.gradle\wrapper\dists\gradle-4.10.3-all\81msde2dx9p4vji0mjgtvxkcb\gradle-4.10.3\lib\gradle-launcher-4.10.3.jar
Launcher Type: SUN_STANDARD

Environment Variables:
JAVA_HOME=C:\Program Files\Java\jdk1.8.0_251
PATH=C:\Windows\system32;C:\Windows;C:\Windows\System32\Wbem;C:\Windows\System32\WindowsPowerShell\v1.0\;C:\Windows\System32\OpenSSH\;C:\Program Files\Git\cmd;C:\Program Files\MySQL\MySQL Server 8.0\bin;%CATALINA_HOME%\bin;C:\Program Files\MySQL\MySQL Shell 8.0\bin\;C:\Users\Piuta\AppData\Local\Microsoft\WindowsApps;
USERNAME=Piuta
OS=Windows_NT
PROCESSOR_IDENTIFIER=Intel64 Family 6 Model 158 Stepping 9, GenuineIntel



---------------  S Y S T E M  ---------------

OS: Windows 10.0 , 64 bit Build 18362 (10.0.18362.959)

CPU:total 4 (initial active 4) (4 cores per cpu, 1 threads per core) family 6 model 158 stepping 9, cmov, cx8, fxsr, mmx, sse, sse2, sse3, ssse3, sse4.1, sse4.2, popcnt, avx, avx2, aes, clmul, erms, 3dnowpref, lzcnt, tsc, tscinvbit, bmi1, bmi2, adx

Memory: 4k page, physical 8247452k(933428k free), swap 12443804k(5484k free)

vm_info: Java HotSpot(TM) 64-Bit Server VM (25.251-b08) for windows-amd64 JRE (1.8.0_251-b08), built on Mar 12 2020 06:31:49 by "" with MS VC++ 10.0 (VS2010)

time: Fri Sep 04 16:59:21 2020
timezone: SE Asia Standard Time
elapsed time: 16 seconds (0d 0h 0m 16s)

